<?xml version="1.0" encoding="UTF-8"?>
<!-- Generated by org.testng.reporters.JUnitReportReporter -->
<testsuite hostname="Umesh--QTC" failures="0" tests="1" name="com.framework.apiautomation.test.VOS360_MRR_BulkInvoice" time="37.621" errors="1" timestamp="2024-07-23T13:17:36 IST" skipped="0">
  <testcase classname="com.framework.apiautomation.test.VOS360_MRR_BulkInvoice" name="bulkInvoice_Generation_VOS360MRR" time="37.621">
    <error message="Unresolved compilation problems: 
	The type java.time.Duration cannot be resolved. It is indirectly referenced from required type org.openqa.selenium.interactions.Actions
	The import java.time.Duration cannot be resolved
	Duration cannot be resolved
	Duration cannot be resolved
	Duration cannot be resolved
	Duration cannot be resolved
	Duration cannot be resolved
	Duration cannot be resolved
	Duration cannot be resolved
	Duration cannot be resolved
" type="java.lang.Error">
      <![CDATA[java.lang.Error: Unresolved compilation problems: 
The type java.time.Duration cannot be resolved. It is indirectly referenced from required type org.openqa.selenium.interactions.Actions
The import java.time.Duration cannot be resolved
Duration cannot be resolved
Duration cannot be resolved
Duration cannot be resolved
Duration cannot be resolved
Duration cannot be resolved
Duration cannot be resolved
Duration cannot be resolved
Duration cannot be resolved

at com.Forsys.ui.actions.Waits.<init>(Waits.java:1)
at com.Forsys.utils.Pom.BulkInvoice.<init>(BulkInvoice.java:257)
at com.framework.apiautomation.test.VOS360_MRR_BulkInvoice.bulkInvoice_Generation_VOS360MRR(VOS360_MRR_BulkInvoice.java:79)
at java.base/jdk.internal.reflect.NativeMethodAccessorImpl.invoke0(Native Method)
at java.base/jdk.internal.reflect.NativeMethodAccessorImpl.invoke(NativeMethodAccessorImpl.java:77)
at java.base/jdk.internal.reflect.DelegatingMethodAccessorImpl.invoke(DelegatingMethodAccessorImpl.java:43)
at java.base/java.lang.reflect.Method.invoke(Method.java:568)
at org.testng.internal.MethodInvocationHelper.invokeMethod(MethodInvocationHelper.java:133)
at org.testng.internal.TestInvoker.invokeMethod(TestInvoker.java:598)
at org.testng.internal.TestInvoker.invokeTestMethod(TestInvoker.java:173)
at org.testng.internal.MethodRunner.runInSequence(MethodRunner.java:46)
at org.testng.internal.TestInvoker$MethodInvocationAgent.invoke(TestInvoker.java:824)
at org.testng.internal.TestInvoker.invokeTestMethods(TestInvoker.java:146)
at org.testng.internal.TestMethodWorker.invokeTestMethods(TestMethodWorker.java:146)
at org.testng.internal.TestMethodWorker.run(TestMethodWorker.java:128)
at java.base/java.util.concurrent.ThreadPoolExecutor.runWorker(ThreadPoolExecutor.java:1136)
at java.base/java.util.concurrent.ThreadPoolExecutor$Worker.run(ThreadPoolExecutor.java:635)
at java.base/java.lang.Thread.run(Thread.java:840)
]]>
    </error>
  </testcase> <!-- bulkInvoice_Generation_VOS360MRR -->
  <system-out/>
</testsuite> <!-- com.framework.apiautomation.test.VOS360_MRR_BulkInvoice -->
